<?xml version="1.0" encoding="UTF-8"?>
<!-- Generated by org.testng.reporters.JUnitXMLReporter -->
<testsuite ignored="2" hostname="TYSS-Sneha" failures="0" tests="1" name="Test" time="25.109" errors="0" timestamp="2024-07-12T12:20:45 IST">
  <testcase classname="contactTes_BaseClass.createOrganizationTest" name="createOrgTest" time="14.267"/>
  <testcase classname="contactTes_BaseClass.createOrganizationTest" name="createOrgWithInd" time="0.0">
    <ignored/>
  </testcase> <!-- createOrgWithInd -->
  <testcase classname="contactTes_BaseClass.createOrganizationTest" name="createOrgWithPhNo" time="0.0">
    <ignored/>
  </testcase> <!-- createOrgWithPhNo -->
</testsuite> <!-- Test -->
