<?xml version="1.0" encoding="UTF-8"?>
<!-- Generated by org.testng.reporters.JUnitXMLReporter -->
<testsuite ignored="0" hostname="TYSS-Sneha" failures="0" tests="3" name="TestRunner_Chrome" time="93.414" errors="0" timestamp="2024-07-12T13:34:27 IST">
  <testcase classname="contactTes_BaseClass.CreateContactTest" name="createConTest" time="21.377"/>
  <testcase classname="contactTes_BaseClass.CreateContactTest" name="createConWithSupportDate" time="15.784"/>
  <testcase classname="contactTes_BaseClass.CreateContactTest" name="createContactWithOrgTest" time="28.231"/>
</testsuite> <!-- TestRunner_Chrome -->
