<?xml version="1.0" encoding="UTF-8"?>
<!-- Generated by org.testng.reporters.JUnitXMLReporter -->
<testsuite ignored="2" hostname="TYSS-Sneha" failures="0" tests="6" name="TestRunner-Firefox" time="0.15" errors="0" timestamp="2024-07-09T22:17:11 IST">
  <testcase classname="generic.baseTest.BaseClass" name="@BeforeClass configBC" time="0.008">
    <failure type="java.lang.NullPointerException" message="Cannot invoke &amp;quot;org.openqa.selenium.WebDriver.manage()&amp;quot; because &amp;quot;driver&amp;quot; is null">
      <![CDATA[java.lang.NullPointerException: Cannot invoke "org.openqa.selenium.WebDriver.manage()" because "driver" is null
at generic.webDriverUtility.WebDriverUtility.waitForPageToLoad(WebDriverUtility.java:25)
at generic.baseTest.BaseClass.configBC(BaseClass.java:62)
at java.base/java.util.ArrayList.forEach(ArrayList.java:1597)
at java.base/java.util.concurrent.FutureTask.run(FutureTask.java:317)
at java.base/java.util.concurrent.ThreadPoolExecutor.runWorker(ThreadPoolExecutor.java:1144)
at java.base/java.util.concurrent.ThreadPoolExecutor$Worker.run(ThreadPoolExecutor.java:642)
at java.base/java.lang.Thread.run(Thread.java:1570)
... Removed 14 stack frames]]>
    </failure>
  </testcase> <!-- @BeforeClass configBC -->
  <testcase classname="generic.baseTest.BaseClass" name="@BeforeMethod configBM" time="-1.720543631115E9">
    <skipped/>
  </testcase> <!-- @BeforeMethod configBM -->
  <testcase classname="generic.baseTest.BaseClass" name="@AfterMethod configAM" time="-1.720543631126E9">
    <skipped/>
  </testcase> <!-- @AfterMethod configAM -->
  <testcase classname="generic.baseTest.BaseClass" name="@BeforeMethod configBM" time="-1.72054363113E9">
    <skipped/>
  </testcase> <!-- @BeforeMethod configBM -->
  <testcase classname="generic.baseTest.BaseClass" name="@AfterMethod configAM" time="-1.720543631139E9">
    <skipped/>
  </testcase> <!-- @AfterMethod configAM -->
  <testcase classname="generic.baseTest.BaseClass" name="@BeforeMethod configBM" time="-1.720543631141E9">
    <skipped/>
  </testcase> <!-- @BeforeMethod configBM -->
  <testcase classname="generic.baseTest.BaseClass" name="@AfterMethod configAM" time="-1.720543631148E9">
    <skipped/>
  </testcase> <!-- @AfterMethod configAM -->
  <testcase classname="generic.baseTest.BaseClass" name="@AfterClass configAC" time="-1.720543631152E9">
    <skipped/>
  </testcase> <!-- @AfterClass configAC -->
  <testcase classname="generic.baseTest.BaseClass" name="@BeforeClass configBC" time="0.001">
    <failure type="java.lang.NullPointerException" message="Cannot invoke &amp;quot;org.openqa.selenium.WebDriver.manage()&amp;quot; because &amp;quot;driver&amp;quot; is null">
      <![CDATA[java.lang.NullPointerException: Cannot invoke "org.openqa.selenium.WebDriver.manage()" because "driver" is null
at generic.webDriverUtility.WebDriverUtility.waitForPageToLoad(WebDriverUtility.java:25)
at generic.baseTest.BaseClass.configBC(BaseClass.java:62)
at java.base/java.util.ArrayList.forEach(ArrayList.java:1597)
at java.base/java.util.concurrent.FutureTask.run(FutureTask.java:317)
at java.base/java.util.concurrent.ThreadPoolExecutor.runWorker(ThreadPoolExecutor.java:1144)
at java.base/java.util.concurrent.ThreadPoolExecutor$Worker.run(ThreadPoolExecutor.java:642)
at java.base/java.lang.Thread.run(Thread.java:1570)
... Removed 14 stack frames]]>
    </failure>
  </testcase> <!-- @BeforeClass configBC -->
  <testcase classname="generic.baseTest.BaseClass" name="@BeforeMethod configBM" time="-1.720543631161E9">
    <skipped/>
  </testcase> <!-- @BeforeMethod configBM -->
  <testcase classname="generic.baseTest.BaseClass" name="@AfterMethod configAM" time="-1.720543631171E9">
    <skipped/>
  </testcase> <!-- @AfterMethod configAM -->
  <testcase classname="generic.baseTest.BaseClass" name="@BeforeMethod configBM" time="-1.720543631174E9">
    <skipped/>
  </testcase> <!-- @BeforeMethod configBM -->
  <testcase classname="generic.baseTest.BaseClass" name="@AfterMethod configAM" time="-1.720543631182E9">
    <skipped/>
  </testcase> <!-- @AfterMethod configAM -->
  <testcase classname="generic.baseTest.BaseClass" name="@BeforeMethod configBM" time="-1.720543631184E9">
    <skipped/>
  </testcase> <!-- @BeforeMethod configBM -->
  <testcase classname="generic.baseTest.BaseClass" name="@AfterMethod configAM" time="-1.720543631189E9">
    <skipped/>
  </testcase> <!-- @AfterMethod configAM -->
  <testcase classname="generic.baseTest.BaseClass" name="@AfterClass configAC" time="-1.720543631191E9">
    <skipped/>
  </testcase> <!-- @AfterClass configAC -->
  <testcase classname="contactTes_BaseClass.CreateContactTest" name="createConTest" time="0.0">
    <skipped/>
  </testcase> <!-- createConTest -->
  <testcase classname="contactTes_BaseClass.CreateContactTest" name="createConWithSupportDate" time="0.0">
    <skipped/>
  </testcase> <!-- createConWithSupportDate -->
  <testcase classname="contactTes_BaseClass.CreateContactTest" name="createContactWithOrgTest" time="0.0">
    <skipped/>
  </testcase> <!-- createContactWithOrgTest -->
  <testcase classname="contactTes_BaseClass.createOrganizationTest" name="createOrgTest" time="0.0">
    <skipped/>
  </testcase> <!-- createOrgTest -->
  <testcase classname="contactTes_BaseClass.createOrganizationTest" name="createOrgWithInd" time="0.0">
    <skipped/>
  </testcase> <!-- createOrgWithInd -->
  <testcase classname="contactTes_BaseClass.createOrganizationTest" name="createOrgWithPhNo" time="0.0">
    <skipped/>
  </testcase> <!-- createOrgWithPhNo -->
  <testcase classname="generic.baseTest.BaseClass" name="@AfterSuite configAS" time="0.0">
    <ignored/>
  </testcase> <!-- @AfterSuite configAS -->
  <testcase classname="generic.baseTest.BaseClass" name="@BeforeSuite configBS" time="0.0">
    <ignored/>
  </testcase> <!-- @BeforeSuite configBS -->
</testsuite> <!-- TestRunner-Firefox -->
