<?xml version="1.0" encoding="UTF-8"?>
<!-- Generated by org.testng.reporters.JUnitXMLReporter -->
<testsuite ignored="1" hostname="TYSS-Sneha" failures="1" tests="1" name="Default test(failed)" time="7.33" errors="0" timestamp="2024-07-11T21:28:09 IST">
  <testcase classname="Listeners.InvoiceTest" name="createInvoiceTest" time="0.019">
    <failure type="java.lang.AssertionError" message="expected [Home] but found [Administrator - Home - vtiger CRM 5 - Commercial Open Source CRM]">
      <![CDATA[java.lang.AssertionError: expected [Home] but found [Administrator - Home - vtiger CRM 5 - Commercial Open Source CRM]
at Listeners.InvoiceTest.createInvoiceTest(InvoiceTest.java:19)
at java.base/java.util.ArrayList.forEach(ArrayList.java:1597)
... Removed 31 stack frames]]>
    </failure>
  </testcase> <!-- createInvoiceTest -->
  <testcase classname="Listeners.InvoiceTest" name="createInvoiceWithContactTest" time="0.0">
    <ignored/>
  </testcase> <!-- createInvoiceWithContactTest -->
</testsuite> <!-- Default test(failed) -->
